<?xml version="1.0" encoding="UTF-8"?>
<!-- Generated by org.testng.reporters.JUnitReportReporter -->
<testsuite hostname="MS_PRIYAN" failures="0" tests="1" name="com.hitachi.qa.testcases.HitachiHomePageTest" time="11.145" errors="0" timestamp="03 Jul 2023 10:46:01 GMT" skipped="0">
  <testcase classname="com.hitachi.qa.testcases.HitachiHomePageTest" name="verifyHomePageTitleTest" time="11.145"/>
</testsuite> <!-- com.hitachi.qa.testcases.HitachiHomePageTest -->
