<?xml version="1.0" encoding="UTF-8"?>
<!-- Generated by org.testng.reporters.JUnitReportReporter -->
<testsuite hostname="MS_PRIYAN" failures="0" tests="1" name="com.hitachi.qa.testcases.HitachiContactUSTest" time="11.670" errors="0" timestamp="03 Jul 2023 10:48:29 GMT" skipped="0">
  <testcase classname="com.hitachi.qa.testcases.HitachiContactUSTest" name="verifyAddressFound" time="11.670"/>
</testsuite> <!-- com.hitachi.qa.testcases.HitachiContactUSTest -->
